2022-02-13 10:13:19,834 [main] INFO  com.foodmenuauthsvr.model.services.authenticationservices.UserServer - Loaded Log4J Properties from config\log4j2.properties
2022-02-13 10:13:19,852 [main] INFO  com.foodmenuauthsvr.model.services.authenticationservices.UserServer - Starting Application
2022-02-13 10:13:58,532 [main] TRACE com.foodmenuauthsvr.model.business.managers.UserManager - UserManager Default Constructor Called
2022-02-13 10:13:58,579 [Thread-0] TRACE com.foodmenuauthsvr.model.business.managers.UserManager - authenticateUser Called
2022-02-13 10:13:58,622 [Thread-0] TRACE com.foodmenuauthsvr.model.services.userservice.UserSvcImpl - UserSvcImpl Default Constructor Called
2022-02-13 10:13:58,624 [Thread-0] DEBUG com.foodmenuauthsvr.model.services.userservice.UserSvcImpl - Database Connection String = jdbc:mysql://localhost/foodmenu
2022-02-13 10:13:58,624 [Thread-0] DEBUG com.foodmenuauthsvr.model.services.userservice.UserSvcImpl - Database Username = dbuser
2022-02-13 10:13:58,625 [Thread-0] DEBUG com.foodmenuauthsvr.model.services.userservice.UserSvcImpl - Database Password = password
2022-02-13 10:13:58,625 [Thread-0] TRACE com.foodmenuauthsvr.model.services.userservice.UserSvcImpl - Successfully read database connection properties from properties files
2022-02-13 10:13:58,625 [Thread-0] TRACE com.foodmenuauthsvr.model.business.managers.UserManager - authenticateUser -- Retrieveing Salt Key
2022-02-13 10:13:58,626 [Thread-0] TRACE com.foodmenuauthsvr.model.services.userservice.UserSvcImpl - retrieveUserSaltData Called
2022-02-13 10:13:58,626 [Thread-0] DEBUG com.foodmenuauthsvr.model.services.userservice.UserSvcImpl - retrieveUserSaltData -- SQL Statements:
2022-02-13 10:13:58,626 [Thread-0] DEBUG com.foodmenuauthsvr.model.services.userservice.UserSvcImpl - SELECT salttext FROM users INNER JOIN salt ON users.saltid = salt.saltid WHERE email = "zstanfill@regis.edu";
2022-02-13 10:13:59,045 [Thread-0] TRACE com.foodmenuauthsvr.model.services.userservice.UserSvcImpl - Database Connection Opened
2022-02-13 10:13:59,064 [Thread-0] TRACE com.foodmenuauthsvr.model.services.userservice.UserSvcImpl - Database Connection Closed
2022-02-13 10:13:59,064 [Thread-0] INFO  com.foodmenuauthsvr.model.services.userservice.UserSvcImpl - User SaltData zstanfill@regis.edu successfully retrieved from database
2022-02-13 10:13:59,064 [Thread-0] TRACE com.foodmenuauthsvr.model.business.managers.UserManager - authenticateUser -- Hashing Password with SaltKey
2022-02-13 10:13:59,065 [Thread-0] TRACE com.foodmenuauthsvr.model.business.managers.UserManager - hashPassword Called
2022-02-13 10:13:59,117 [Thread-0] DEBUG com.foodmenuauthsvr.model.business.managers.UserManager - authenticateUser -- hashed password successfully
2022-02-13 10:13:59,117 [Thread-0] TRACE com.foodmenuauthsvr.model.services.userservice.UserSvcImpl - authenticateUserData Called
2022-02-13 10:13:59,118 [Thread-0] DEBUG com.foodmenuauthsvr.model.services.userservice.UserSvcImpl - authenticateUserData -- SQL Statements:
2022-02-13 10:13:59,118 [Thread-0] DEBUG com.foodmenuauthsvr.model.services.userservice.UserSvcImpl - SELECT infotext FROM users INNER JOIN info ON users.infoid = info.infoid WHERE email = "zstanfill@regis.edu";
2022-02-13 10:13:59,136 [Thread-0] TRACE com.foodmenuauthsvr.model.services.userservice.UserSvcImpl - Database Connection Opened
2022-02-13 10:13:59,142 [Thread-0] DEBUG com.foodmenuauthsvr.model.services.userservice.UserSvcImpl - authenticateUserData -- SQL Session Inject Statements:
2022-02-13 10:13:59,143 [Thread-0] DEBUG com.foodmenuauthsvr.model.services.userservice.UserSvcImpl - INSERT INTO sessions (userid, sessionkey) VALUES ((SELECT userid FROM users WHERE email = "zstanfill@regis.edu"), "hBZbdxksLhOfDHUY85qlSwQr6Mwi665qoPPCEgMqfmarpH6jbnhAtuwBYqpUiQ6XE4Ez6rWxjielPmkTDmZgeZCylBDQPJfOyjCDA6SRT6AsxJysWkt7ylJTp8KwcDD1WFUQ8s241TtTZ0GmkoISuCZ741dNQ7SMYDb7AuR0uJw4EgGC8b6HHN7WSwKxR8rgzd0ZSi7kZJjO1vcKOcZRDOwQClKacNitAO3KZmPsb2QJvOjL5cxjr8IhVDrfTUXf");
2022-02-13 10:13:59,158 [Thread-0] TRACE com.foodmenuauthsvr.model.services.userservice.UserSvcImpl - Duplicate entry '3' for key 'sessions.userid_UNIQUE'
2022-02-13 10:14:27,263 [main] TRACE com.foodmenuauthsvr.model.business.managers.UserManager - UserManager Default Constructor Called
2022-02-13 10:14:27,264 [Thread-1] TRACE com.foodmenuauthsvr.model.business.managers.UserManager - authenticateUser Called
2022-02-13 10:14:27,268 [Thread-1] TRACE com.foodmenuauthsvr.model.services.userservice.UserSvcImpl - UserSvcImpl Default Constructor Called
2022-02-13 10:14:27,270 [Thread-1] DEBUG com.foodmenuauthsvr.model.services.userservice.UserSvcImpl - Database Connection String = jdbc:mysql://localhost/foodmenu
2022-02-13 10:14:27,271 [Thread-1] DEBUG com.foodmenuauthsvr.model.services.userservice.UserSvcImpl - Database Username = dbuser
2022-02-13 10:14:27,271 [Thread-1] DEBUG com.foodmenuauthsvr.model.services.userservice.UserSvcImpl - Database Password = password
2022-02-13 10:14:27,271 [Thread-1] TRACE com.foodmenuauthsvr.model.services.userservice.UserSvcImpl - Successfully read database connection properties from properties files
2022-02-13 10:14:27,271 [Thread-1] TRACE com.foodmenuauthsvr.model.business.managers.UserManager - authenticateUser -- Retrieveing Salt Key
2022-02-13 10:14:27,272 [Thread-1] TRACE com.foodmenuauthsvr.model.services.userservice.UserSvcImpl - retrieveUserSaltData Called
2022-02-13 10:14:27,272 [Thread-1] DEBUG com.foodmenuauthsvr.model.services.userservice.UserSvcImpl - retrieveUserSaltData -- SQL Statements:
2022-02-13 10:14:27,272 [Thread-1] DEBUG com.foodmenuauthsvr.model.services.userservice.UserSvcImpl - SELECT salttext FROM users INNER JOIN salt ON users.saltid = salt.saltid WHERE email = "zstanfill@regis.edu";
2022-02-13 10:14:27,293 [Thread-1] TRACE com.foodmenuauthsvr.model.services.userservice.UserSvcImpl - Database Connection Opened
2022-02-13 10:14:27,294 [Thread-1] TRACE com.foodmenuauthsvr.model.services.userservice.UserSvcImpl - Database Connection Closed
2022-02-13 10:14:27,294 [Thread-1] INFO  com.foodmenuauthsvr.model.services.userservice.UserSvcImpl - User SaltData zstanfill@regis.edu successfully retrieved from database
2022-02-13 10:14:27,295 [Thread-1] TRACE com.foodmenuauthsvr.model.business.managers.UserManager - authenticateUser -- Hashing Password with SaltKey
2022-02-13 10:14:27,295 [Thread-1] TRACE com.foodmenuauthsvr.model.business.managers.UserManager - hashPassword Called
2022-02-13 10:14:27,306 [Thread-1] DEBUG com.foodmenuauthsvr.model.business.managers.UserManager - authenticateUser -- hashed password successfully
2022-02-13 10:14:27,307 [Thread-1] TRACE com.foodmenuauthsvr.model.services.userservice.UserSvcImpl - authenticateUserData Called
2022-02-13 10:14:27,307 [Thread-1] DEBUG com.foodmenuauthsvr.model.services.userservice.UserSvcImpl - authenticateUserData -- SQL Statements:
2022-02-13 10:14:27,307 [Thread-1] DEBUG com.foodmenuauthsvr.model.services.userservice.UserSvcImpl - SELECT infotext FROM users INNER JOIN info ON users.infoid = info.infoid WHERE email = "zstanfill@regis.edu";
2022-02-13 10:14:27,322 [Thread-1] TRACE com.foodmenuauthsvr.model.services.userservice.UserSvcImpl - Database Connection Opened
2022-02-13 10:14:27,323 [Thread-1] DEBUG com.foodmenuauthsvr.model.services.userservice.UserSvcImpl - authenticateUserData -- SQL Session Inject Statements:
2022-02-13 10:14:27,324 [Thread-1] DEBUG com.foodmenuauthsvr.model.services.userservice.UserSvcImpl - INSERT INTO sessions (userid, sessionkey) VALUES ((SELECT userid FROM users WHERE email = "zstanfill@regis.edu"), "oYdTliNTbJWmhSpHpmJeNHHJKmEXwhHcmj0U5NyQaepsW1wRae0VrBLPfTDhvyKQgFP66F1g5H6LJf06Mqqyid38a4QxWosJe3pYx2XyITaPOQDO24ClOmP2Goa733SE1Qr51NtTopFIjD8J0EWUA2icdaYIlGAEJOPz8n30OR24XO3w5VuHd31fYXDw18EldcZ1KAwYhtPBCsZKpyic8OGHuHq6Cu03rqlyd2G75aazikIICi06jz5KkXghPKk4");
2022-02-13 10:14:27,328 [Thread-1] TRACE com.foodmenuauthsvr.model.services.userservice.UserSvcImpl - Database Connection Closed
2022-02-13 10:14:27,329 [Thread-1] TRACE com.foodmenuauthsvr.model.services.userservice.UserSvcImpl - User zstanfill@regis.edu Successfully Authenticated
2022-02-13 10:14:27,329 [Thread-1] INFO  com.foodmenuauthsvr.model.business.managers.UserManager - authenticateUser -- Authentication Succeded
2022-02-13 10:14:27,329 [Thread-1] TRACE com.foodmenuauthsvr.model.business.managers.UserManager - retrieveUserSessionKey Called
2022-02-13 10:14:27,331 [Thread-1] TRACE com.foodmenuauthsvr.model.services.userservice.UserSvcImpl - UserSvcImpl Default Constructor Called
2022-02-13 10:14:27,332 [Thread-1] DEBUG com.foodmenuauthsvr.model.services.userservice.UserSvcImpl - Database Connection String = jdbc:mysql://localhost/foodmenu
2022-02-13 10:14:27,333 [Thread-1] DEBUG com.foodmenuauthsvr.model.services.userservice.UserSvcImpl - Database Username = dbuser
2022-02-13 10:14:27,333 [Thread-1] DEBUG com.foodmenuauthsvr.model.services.userservice.UserSvcImpl - Database Password = password
2022-02-13 10:14:27,333 [Thread-1] TRACE com.foodmenuauthsvr.model.services.userservice.UserSvcImpl - Successfully read database connection properties from properties files
2022-02-13 10:14:27,333 [Thread-1] TRACE com.foodmenuauthsvr.model.business.managers.UserManager - retrieveUserSessionKey -- Retrieving SessionKey
2022-02-13 10:14:27,334 [Thread-1] TRACE com.foodmenuauthsvr.model.services.userservice.UserSvcImpl - retrieveUserSessionKey Called
2022-02-13 10:14:27,334 [Thread-1] DEBUG com.foodmenuauthsvr.model.services.userservice.UserSvcImpl - retrieveUserSessionKey -- SQL Statements:
2022-02-13 10:14:27,334 [Thread-1] DEBUG com.foodmenuauthsvr.model.services.userservice.UserSvcImpl - SELECT sessionkey FROM sessions INNER JOIN users ON users.userid = sessions.userid WHERE email = "zstanfill@regis.edu";
2022-02-13 10:14:27,349 [Thread-1] TRACE com.foodmenuauthsvr.model.services.userservice.UserSvcImpl - Database Connection Opened
2022-02-13 10:14:27,350 [Thread-1] TRACE com.foodmenuauthsvr.model.services.userservice.UserSvcImpl - Database Connection Closed
2022-02-13 10:14:27,351 [Thread-1] INFO  com.foodmenuauthsvr.model.services.userservice.UserSvcImpl - User SessionKey zstanfill@regis.edu successfully retrieved from database
2022-02-13 10:15:17,852 [main] TRACE com.foodmenuauthsvr.model.business.managers.UserManager - UserManager Default Constructor Called
2022-02-13 10:15:17,879 [Thread-2] TRACE com.foodmenuauthsvr.model.business.managers.UserManager - authenticateUser Called
2022-02-13 10:15:17,882 [Thread-2] TRACE com.foodmenuauthsvr.model.services.userservice.UserSvcImpl - UserSvcImpl Default Constructor Called
2022-02-13 10:15:17,884 [Thread-2] DEBUG com.foodmenuauthsvr.model.services.userservice.UserSvcImpl - Database Connection String = jdbc:mysql://localhost/foodmenu
2022-02-13 10:15:17,884 [Thread-2] DEBUG com.foodmenuauthsvr.model.services.userservice.UserSvcImpl - Database Username = dbuser
2022-02-13 10:15:17,884 [Thread-2] DEBUG com.foodmenuauthsvr.model.services.userservice.UserSvcImpl - Database Password = password
2022-02-13 10:15:17,884 [Thread-2] TRACE com.foodmenuauthsvr.model.services.userservice.UserSvcImpl - Successfully read database connection properties from properties files
2022-02-13 10:15:17,885 [Thread-2] TRACE com.foodmenuauthsvr.model.business.managers.UserManager - authenticateUser -- Retrieveing Salt Key
2022-02-13 10:15:17,885 [Thread-2] TRACE com.foodmenuauthsvr.model.services.userservice.UserSvcImpl - retrieveUserSaltData Called
2022-02-13 10:15:17,885 [Thread-2] DEBUG com.foodmenuauthsvr.model.services.userservice.UserSvcImpl - retrieveUserSaltData -- SQL Statements:
2022-02-13 10:15:17,885 [Thread-2] DEBUG com.foodmenuauthsvr.model.services.userservice.UserSvcImpl - SELECT salttext FROM users INNER JOIN salt ON users.saltid = salt.saltid WHERE email = "zstanfill@regis.edu";
2022-02-13 10:15:17,899 [Thread-2] TRACE com.foodmenuauthsvr.model.services.userservice.UserSvcImpl - Database Connection Opened
2022-02-13 10:15:17,900 [Thread-2] TRACE com.foodmenuauthsvr.model.services.userservice.UserSvcImpl - Database Connection Closed
2022-02-13 10:15:17,901 [Thread-2] INFO  com.foodmenuauthsvr.model.services.userservice.UserSvcImpl - User SaltData zstanfill@regis.edu successfully retrieved from database
2022-02-13 10:15:17,901 [Thread-2] TRACE com.foodmenuauthsvr.model.business.managers.UserManager - authenticateUser -- Hashing Password with SaltKey
2022-02-13 10:15:17,901 [Thread-2] TRACE com.foodmenuauthsvr.model.business.managers.UserManager - hashPassword Called
2022-02-13 10:15:17,912 [Thread-2] DEBUG com.foodmenuauthsvr.model.business.managers.UserManager - authenticateUser -- hashed password successfully
2022-02-13 10:15:17,912 [Thread-2] TRACE com.foodmenuauthsvr.model.services.userservice.UserSvcImpl - authenticateUserData Called
2022-02-13 10:15:17,912 [Thread-2] DEBUG com.foodmenuauthsvr.model.services.userservice.UserSvcImpl - authenticateUserData -- SQL Statements:
2022-02-13 10:15:17,912 [Thread-2] DEBUG com.foodmenuauthsvr.model.services.userservice.UserSvcImpl - SELECT infotext FROM users INNER JOIN info ON users.infoid = info.infoid WHERE email = "zstanfill@regis.edu";
2022-02-13 10:15:17,928 [Thread-2] TRACE com.foodmenuauthsvr.model.services.userservice.UserSvcImpl - Database Connection Opened
2022-02-13 10:15:17,930 [Thread-2] DEBUG com.foodmenuauthsvr.model.services.userservice.UserSvcImpl - authenticateUserData -- SQL Session Inject Statements:
2022-02-13 10:15:17,930 [Thread-2] DEBUG com.foodmenuauthsvr.model.services.userservice.UserSvcImpl - INSERT INTO sessions (userid, sessionkey) VALUES ((SELECT userid FROM users WHERE email = "zstanfill@regis.edu"), "tDOuHOkELLKXs6iqcGcOe8kpUE4MYXEDltQIGv7Pow0TyiFHnMqOmSWiHvbrVVN1igECvEU6BeVMOAwtVDlvDSU81r8bY60RQIHHyPxcuzNvJaMrslUgX3wjRYKsn5ZoXktgZ5xvFDSX5D68WHhjDe4OhwSPIEZPACbbtpAxzIfnWDzhMJgPmqGVz0EOQMfs22ifauoTxNKQKGsGSyECEQNt77lCZdcQbteKJU8sAQsKhKY5LyoUUAsZX5hyY8QD");
2022-02-13 10:15:17,939 [Thread-2] TRACE com.foodmenuauthsvr.model.services.userservice.UserSvcImpl - Database Connection Closed
2022-02-13 10:15:17,939 [Thread-2] TRACE com.foodmenuauthsvr.model.services.userservice.UserSvcImpl - User zstanfill@regis.edu Successfully Authenticated
2022-02-13 10:15:17,939 [Thread-2] INFO  com.foodmenuauthsvr.model.business.managers.UserManager - authenticateUser -- Authentication Succeded
2022-02-13 10:15:17,939 [Thread-2] TRACE com.foodmenuauthsvr.model.business.managers.UserManager - retrieveUserSessionKey Called
2022-02-13 10:15:17,941 [Thread-2] TRACE com.foodmenuauthsvr.model.services.userservice.UserSvcImpl - UserSvcImpl Default Constructor Called
2022-02-13 10:15:17,942 [Thread-2] DEBUG com.foodmenuauthsvr.model.services.userservice.UserSvcImpl - Database Connection String = jdbc:mysql://localhost/foodmenu
2022-02-13 10:15:17,943 [Thread-2] DEBUG com.foodmenuauthsvr.model.services.userservice.UserSvcImpl - Database Username = dbuser
2022-02-13 10:15:17,943 [Thread-2] DEBUG com.foodmenuauthsvr.model.services.userservice.UserSvcImpl - Database Password = password
2022-02-13 10:15:17,943 [Thread-2] TRACE com.foodmenuauthsvr.model.services.userservice.UserSvcImpl - Successfully read database connection properties from properties files
2022-02-13 10:15:17,943 [Thread-2] TRACE com.foodmenuauthsvr.model.business.managers.UserManager - retrieveUserSessionKey -- Retrieving SessionKey
2022-02-13 10:15:17,944 [Thread-2] TRACE com.foodmenuauthsvr.model.services.userservice.UserSvcImpl - retrieveUserSessionKey Called
2022-02-13 10:15:17,944 [Thread-2] DEBUG com.foodmenuauthsvr.model.services.userservice.UserSvcImpl - retrieveUserSessionKey -- SQL Statements:
2022-02-13 10:15:17,944 [Thread-2] DEBUG com.foodmenuauthsvr.model.services.userservice.UserSvcImpl - SELECT sessionkey FROM sessions INNER JOIN users ON users.userid = sessions.userid WHERE email = "zstanfill@regis.edu";
2022-02-13 10:15:17,963 [Thread-2] TRACE com.foodmenuauthsvr.model.services.userservice.UserSvcImpl - Database Connection Opened
2022-02-13 10:15:17,965 [Thread-2] TRACE com.foodmenuauthsvr.model.services.userservice.UserSvcImpl - Database Connection Closed
2022-02-13 10:15:17,965 [Thread-2] INFO  com.foodmenuauthsvr.model.services.userservice.UserSvcImpl - User SessionKey zstanfill@regis.edu successfully retrieved from database
2022-02-13 10:17:27,455 [main] TRACE com.foodmenuauthsvr.model.business.managers.UserManager - UserManager Default Constructor Called
2022-02-13 10:17:27,483 [Thread-3] TRACE com.foodmenuauthsvr.model.business.managers.UserManager - authenticateUser Called
2022-02-13 10:17:27,487 [Thread-3] TRACE com.foodmenuauthsvr.model.services.userservice.UserSvcImpl - UserSvcImpl Default Constructor Called
2022-02-13 10:17:27,488 [Thread-3] DEBUG com.foodmenuauthsvr.model.services.userservice.UserSvcImpl - Database Connection String = jdbc:mysql://localhost/foodmenu
2022-02-13 10:17:27,489 [Thread-3] DEBUG com.foodmenuauthsvr.model.services.userservice.UserSvcImpl - Database Username = dbuser
2022-02-13 10:17:27,489 [Thread-3] DEBUG com.foodmenuauthsvr.model.services.userservice.UserSvcImpl - Database Password = password
2022-02-13 10:17:27,489 [Thread-3] TRACE com.foodmenuauthsvr.model.services.userservice.UserSvcImpl - Successfully read database connection properties from properties files
2022-02-13 10:17:27,490 [Thread-3] TRACE com.foodmenuauthsvr.model.business.managers.UserManager - authenticateUser -- Retrieveing Salt Key
2022-02-13 10:17:27,490 [Thread-3] TRACE com.foodmenuauthsvr.model.services.userservice.UserSvcImpl - retrieveUserSaltData Called
2022-02-13 10:17:27,490 [Thread-3] DEBUG com.foodmenuauthsvr.model.services.userservice.UserSvcImpl - retrieveUserSaltData -- SQL Statements:
2022-02-13 10:17:27,490 [Thread-3] DEBUG com.foodmenuauthsvr.model.services.userservice.UserSvcImpl - SELECT salttext FROM users INNER JOIN salt ON users.saltid = salt.saltid WHERE email = "zstanfill@regis.edu";
2022-02-13 10:17:27,505 [Thread-3] TRACE com.foodmenuauthsvr.model.services.userservice.UserSvcImpl - Database Connection Opened
2022-02-13 10:17:27,512 [Thread-3] TRACE com.foodmenuauthsvr.model.services.userservice.UserSvcImpl - Database Connection Closed
2022-02-13 10:17:27,512 [Thread-3] INFO  com.foodmenuauthsvr.model.services.userservice.UserSvcImpl - User SaltData zstanfill@regis.edu successfully retrieved from database
2022-02-13 10:17:27,512 [Thread-3] TRACE com.foodmenuauthsvr.model.business.managers.UserManager - authenticateUser -- Hashing Password with SaltKey
2022-02-13 10:17:27,513 [Thread-3] TRACE com.foodmenuauthsvr.model.business.managers.UserManager - hashPassword Called
2022-02-13 10:17:27,523 [Thread-3] DEBUG com.foodmenuauthsvr.model.business.managers.UserManager - authenticateUser -- hashed password successfully
2022-02-13 10:17:27,523 [Thread-3] TRACE com.foodmenuauthsvr.model.services.userservice.UserSvcImpl - authenticateUserData Called
2022-02-13 10:17:27,523 [Thread-3] DEBUG com.foodmenuauthsvr.model.services.userservice.UserSvcImpl - authenticateUserData -- SQL Statements:
2022-02-13 10:17:27,524 [Thread-3] DEBUG com.foodmenuauthsvr.model.services.userservice.UserSvcImpl - SELECT infotext FROM users INNER JOIN info ON users.infoid = info.infoid WHERE email = "zstanfill@regis.edu";
2022-02-13 10:17:27,537 [Thread-3] TRACE com.foodmenuauthsvr.model.services.userservice.UserSvcImpl - Database Connection Opened
2022-02-13 10:17:27,540 [Thread-3] DEBUG com.foodmenuauthsvr.model.services.userservice.UserSvcImpl - authenticateUserData -- SQL Session Inject Statements:
2022-02-13 10:17:27,540 [Thread-3] DEBUG com.foodmenuauthsvr.model.services.userservice.UserSvcImpl - INSERT INTO sessions (userid, sessionkey) VALUES ((SELECT userid FROM users WHERE email = "zstanfill@regis.edu"), "jw7e4PVFXiUqTZitcYt2nMGUnFad6gPs0bpjbTtxmU2K7c4IuWdjQHqCaGzd7hszZEJyyWHRZ16pC0UsD4l3BAQtBBJ4OsWWquSH8JTsmnSRig4D7dPJXvTiSFLeHgkX7Np16Y4dgm864PwhQYCwY4FidzBx0FBgdFKUbyrGBy1oKZcG8wdS2yENHaTXGI45IcjHbLCubIfyjVzbTOZgRBUxH62ciTHjNqsBrJjSiEAFWsm25y0GJWirobn5d0OA");
2022-02-13 10:17:27,545 [Thread-3] TRACE com.foodmenuauthsvr.model.services.userservice.UserSvcImpl - Database Connection Closed
2022-02-13 10:17:27,545 [Thread-3] TRACE com.foodmenuauthsvr.model.services.userservice.UserSvcImpl - User zstanfill@regis.edu Successfully Authenticated
2022-02-13 10:17:27,546 [Thread-3] INFO  com.foodmenuauthsvr.model.business.managers.UserManager - authenticateUser -- Authentication Succeded
2022-02-13 10:17:27,546 [Thread-3] TRACE com.foodmenuauthsvr.model.business.managers.UserManager - retrieveUserSessionKey Called
2022-02-13 10:17:27,548 [Thread-3] TRACE com.foodmenuauthsvr.model.services.userservice.UserSvcImpl - UserSvcImpl Default Constructor Called
2022-02-13 10:17:27,549 [Thread-3] DEBUG com.foodmenuauthsvr.model.services.userservice.UserSvcImpl - Database Connection String = jdbc:mysql://localhost/foodmenu
2022-02-13 10:17:27,550 [Thread-3] DEBUG com.foodmenuauthsvr.model.services.userservice.UserSvcImpl - Database Username = dbuser
2022-02-13 10:17:27,550 [Thread-3] DEBUG com.foodmenuauthsvr.model.services.userservice.UserSvcImpl - Database Password = password
2022-02-13 10:17:27,550 [Thread-3] TRACE com.foodmenuauthsvr.model.services.userservice.UserSvcImpl - Successfully read database connection properties from properties files
2022-02-13 10:17:27,550 [Thread-3] TRACE com.foodmenuauthsvr.model.business.managers.UserManager - retrieveUserSessionKey -- Retrieving SessionKey
2022-02-13 10:17:27,551 [Thread-3] TRACE com.foodmenuauthsvr.model.services.userservice.UserSvcImpl - retrieveUserSessionKey Called
2022-02-13 10:17:27,551 [Thread-3] DEBUG com.foodmenuauthsvr.model.services.userservice.UserSvcImpl - retrieveUserSessionKey -- SQL Statements:
2022-02-13 10:17:27,551 [Thread-3] DEBUG com.foodmenuauthsvr.model.services.userservice.UserSvcImpl - SELECT sessionkey FROM sessions INNER JOIN users ON users.userid = sessions.userid WHERE email = "zstanfill@regis.edu";
2022-02-13 10:17:27,564 [Thread-3] TRACE com.foodmenuauthsvr.model.services.userservice.UserSvcImpl - Database Connection Opened
2022-02-13 10:17:27,565 [Thread-3] TRACE com.foodmenuauthsvr.model.services.userservice.UserSvcImpl - Database Connection Closed
2022-02-13 10:17:27,565 [Thread-3] INFO  com.foodmenuauthsvr.model.services.userservice.UserSvcImpl - User SessionKey zstanfill@regis.edu successfully retrieved from database
2022-02-13 10:17:29,216 [main] TRACE com.foodmenuauthsvr.model.business.managers.UserManager - UserManager Default Constructor Called
2022-02-13 10:17:29,218 [Thread-4] TRACE com.foodmenuauthsvr.model.business.managers.UserManager - retrieveUserSessionKey Called
2022-02-13 10:17:29,221 [Thread-4] TRACE com.foodmenuauthsvr.model.services.userservice.UserSvcImpl - UserSvcImpl Default Constructor Called
2022-02-13 10:17:29,222 [Thread-4] DEBUG com.foodmenuauthsvr.model.services.userservice.UserSvcImpl - Database Connection String = jdbc:mysql://localhost/foodmenu
2022-02-13 10:17:29,222 [Thread-4] DEBUG com.foodmenuauthsvr.model.services.userservice.UserSvcImpl - Database Username = dbuser
2022-02-13 10:17:29,223 [Thread-4] DEBUG com.foodmenuauthsvr.model.services.userservice.UserSvcImpl - Database Password = password
2022-02-13 10:17:29,223 [Thread-4] TRACE com.foodmenuauthsvr.model.services.userservice.UserSvcImpl - Successfully read database connection properties from properties files
2022-02-13 10:17:29,223 [Thread-4] TRACE com.foodmenuauthsvr.model.business.managers.UserManager - retrieveUserSessionKey -- Retrieving SessionKey
2022-02-13 10:17:29,223 [Thread-4] TRACE com.foodmenuauthsvr.model.services.userservice.UserSvcImpl - retrieveUserSessionKey Called
2022-02-13 10:17:29,224 [Thread-4] DEBUG com.foodmenuauthsvr.model.services.userservice.UserSvcImpl - retrieveUserSessionKey -- SQL Statements:
2022-02-13 10:17:29,224 [Thread-4] DEBUG com.foodmenuauthsvr.model.services.userservice.UserSvcImpl - SELECT sessionkey FROM sessions INNER JOIN users ON users.userid = sessions.userid WHERE email = "zstanfill@regis.edu";
2022-02-13 10:17:29,236 [Thread-4] TRACE com.foodmenuauthsvr.model.services.userservice.UserSvcImpl - Database Connection Opened
2022-02-13 10:17:29,236 [Thread-4] TRACE com.foodmenuauthsvr.model.services.userservice.UserSvcImpl - Database Connection Closed
2022-02-13 10:17:29,237 [Thread-4] INFO  com.foodmenuauthsvr.model.services.userservice.UserSvcImpl - User SessionKey zstanfill@regis.edu successfully retrieved from database
2022-02-13 10:17:29,237 [Thread-4] TRACE com.foodmenuauthsvr.model.services.authenticationservices.UserServer - SessionKey Valid for zstanfill@regis.edu

2022-02-13 10:17:29,237 [Thread-4] TRACE com.foodmenuauthsvr.model.business.managers.UserManager - retrieveUser Called
2022-02-13 10:17:29,239 [Thread-4] TRACE com.foodmenuauthsvr.model.services.userservice.UserSvcImpl - UserSvcImpl Default Constructor Called
2022-02-13 10:17:29,241 [Thread-4] DEBUG com.foodmenuauthsvr.model.services.userservice.UserSvcImpl - Database Connection String = jdbc:mysql://localhost/foodmenu
2022-02-13 10:17:29,241 [Thread-4] DEBUG com.foodmenuauthsvr.model.services.userservice.UserSvcImpl - Database Username = dbuser
2022-02-13 10:17:29,241 [Thread-4] DEBUG com.foodmenuauthsvr.model.services.userservice.UserSvcImpl - Database Password = password
2022-02-13 10:17:29,242 [Thread-4] TRACE com.foodmenuauthsvr.model.services.userservice.UserSvcImpl - Successfully read database connection properties from properties files
2022-02-13 10:17:29,242 [Thread-4] TRACE com.foodmenuauthsvr.model.services.userservice.UserSvcImpl - retrieveUserData Called
2022-02-13 10:17:29,242 [Thread-4] DEBUG com.foodmenuauthsvr.model.services.userservice.UserSvcImpl - retrieveUserData -- SQL Statements:
2022-02-13 10:17:29,242 [Thread-4] DEBUG com.foodmenuauthsvr.model.services.userservice.UserSvcImpl - SELECT userid, firstname, lastname, email, recoveryphrase, age, rolename, infotext FROM ((users INNER JOIN info ON users.infoid = info.infoid) INNER JOIN roles ON users.role = roles.roleid) WHERE email = "zstanfill@regis.edu";
2022-02-13 10:17:29,254 [Thread-4] TRACE com.foodmenuauthsvr.model.services.userservice.UserSvcImpl - Database Connection Opened
2022-02-13 10:17:29,261 [Thread-4] TRACE com.foodmenuauthsvr.model.services.userservice.UserSvcImpl - Database Connection Closed
2022-02-13 10:17:29,262 [Thread-4] TRACE com.foodmenu.model.domain.User - User Overloaded Constructor (with Password) Called
2022-02-13 10:17:29,262 [Thread-4] DEBUG com.foodmenu.model.domain.User - User Object Instantiated -- FirstName:zach   LastName:stanfill   Email:zstanfill@regis.edu   RecoveryPhrase:ghostbuster   Age:29   Role:admin
2022-02-13 10:17:29,262 [Thread-4] TRACE com.foodmenu.model.domain.User - getEmailAddress Method Called
2022-02-13 10:17:29,262 [Thread-4] INFO  com.foodmenuauthsvr.model.services.userservice.UserSvcImpl - User zstanfill@regis.edu successfully retrieved from database
2022-02-13 10:24:12,949 [main] TRACE com.foodmenuauthsvr.model.business.managers.UserManager - UserManager Default Constructor Called
2022-02-13 10:24:12,975 [Thread-5] TRACE com.foodmenuauthsvr.model.business.managers.UserManager - authenticateUser Called
2022-02-13 10:24:12,979 [Thread-5] TRACE com.foodmenuauthsvr.model.services.userservice.UserSvcImpl - UserSvcImpl Default Constructor Called
2022-02-13 10:24:12,980 [Thread-5] DEBUG com.foodmenuauthsvr.model.services.userservice.UserSvcImpl - Database Connection String = jdbc:mysql://localhost/foodmenu
2022-02-13 10:24:12,980 [Thread-5] DEBUG com.foodmenuauthsvr.model.services.userservice.UserSvcImpl - Database Username = dbuser
2022-02-13 10:24:12,981 [Thread-5] DEBUG com.foodmenuauthsvr.model.services.userservice.UserSvcImpl - Database Password = password
2022-02-13 10:24:12,981 [Thread-5] TRACE com.foodmenuauthsvr.model.services.userservice.UserSvcImpl - Successfully read database connection properties from properties files
2022-02-13 10:24:12,981 [Thread-5] TRACE com.foodmenuauthsvr.model.business.managers.UserManager - authenticateUser -- Retrieveing Salt Key
2022-02-13 10:24:12,981 [Thread-5] TRACE com.foodmenuauthsvr.model.services.userservice.UserSvcImpl - retrieveUserSaltData Called
2022-02-13 10:24:12,982 [Thread-5] DEBUG com.foodmenuauthsvr.model.services.userservice.UserSvcImpl - retrieveUserSaltData -- SQL Statements:
2022-02-13 10:24:12,982 [Thread-5] DEBUG com.foodmenuauthsvr.model.services.userservice.UserSvcImpl - SELECT salttext FROM users INNER JOIN salt ON users.saltid = salt.saltid WHERE email = "zstanfill@regis.edu";
2022-02-13 10:24:12,997 [Thread-5] TRACE com.foodmenuauthsvr.model.services.userservice.UserSvcImpl - Database Connection Opened
2022-02-13 10:24:12,999 [Thread-5] TRACE com.foodmenuauthsvr.model.services.userservice.UserSvcImpl - Database Connection Closed
2022-02-13 10:24:12,999 [Thread-5] INFO  com.foodmenuauthsvr.model.services.userservice.UserSvcImpl - User SaltData zstanfill@regis.edu successfully retrieved from database
2022-02-13 10:24:12,999 [Thread-5] TRACE com.foodmenuauthsvr.model.business.managers.UserManager - authenticateUser -- Hashing Password with SaltKey
2022-02-13 10:24:12,999 [Thread-5] TRACE com.foodmenuauthsvr.model.business.managers.UserManager - hashPassword Called
2022-02-13 10:24:13,010 [Thread-5] DEBUG com.foodmenuauthsvr.model.business.managers.UserManager - authenticateUser -- hashed password successfully
2022-02-13 10:24:13,010 [Thread-5] TRACE com.foodmenuauthsvr.model.services.userservice.UserSvcImpl - authenticateUserData Called
2022-02-13 10:24:13,011 [Thread-5] DEBUG com.foodmenuauthsvr.model.services.userservice.UserSvcImpl - authenticateUserData -- SQL Statements:
2022-02-13 10:24:13,011 [Thread-5] DEBUG com.foodmenuauthsvr.model.services.userservice.UserSvcImpl - SELECT infotext FROM users INNER JOIN info ON users.infoid = info.infoid WHERE email = "zstanfill@regis.edu";
2022-02-13 10:24:13,024 [Thread-5] TRACE com.foodmenuauthsvr.model.services.userservice.UserSvcImpl - Database Connection Opened
2022-02-13 10:24:13,026 [Thread-5] DEBUG com.foodmenuauthsvr.model.services.userservice.UserSvcImpl - authenticateUserData -- SQL Session Inject Statements:
2022-02-13 10:24:13,026 [Thread-5] DEBUG com.foodmenuauthsvr.model.services.userservice.UserSvcImpl - INSERT INTO sessions (userid, sessionkey) VALUES ((SELECT userid FROM users WHERE email = "zstanfill@regis.edu"), "BObkWWUbWcQVSMtErPnqcmIPbkamF3mG5phX3NSX15Yv6DwXMt5MnLESNpoaxOO5VygRfoZdlnATdwTBFU0xjhTRgHRrqHDF14qrOIGC1QFeGIdfRb43nuH0ambhvpTcMqq2ZdLbuHKzbcqmE1jsefC13hIbQTcvmEu038ODRGlRjYS6xyn84SmIsGo85AnH5vcaFQwlXi2zoaVheo4AfExhwv5NdK7HIRvOkZ3x5fcQbivOWGTu5ez07BSoIBVL");
2022-02-13 10:24:13,036 [Thread-5] TRACE com.foodmenuauthsvr.model.services.userservice.UserSvcImpl - Database Connection Closed
2022-02-13 10:24:13,036 [Thread-5] TRACE com.foodmenuauthsvr.model.services.userservice.UserSvcImpl - User zstanfill@regis.edu Successfully Authenticated
2022-02-13 10:24:13,036 [Thread-5] INFO  com.foodmenuauthsvr.model.business.managers.UserManager - authenticateUser -- Authentication Succeded
2022-02-13 10:24:13,037 [Thread-5] TRACE com.foodmenuauthsvr.model.business.managers.UserManager - retrieveUserSessionKey Called
2022-02-13 10:24:13,038 [Thread-5] TRACE com.foodmenuauthsvr.model.services.userservice.UserSvcImpl - UserSvcImpl Default Constructor Called
2022-02-13 10:24:13,040 [Thread-5] DEBUG com.foodmenuauthsvr.model.services.userservice.UserSvcImpl - Database Connection String = jdbc:mysql://localhost/foodmenu
2022-02-13 10:24:13,040 [Thread-5] DEBUG com.foodmenuauthsvr.model.services.userservice.UserSvcImpl - Database Username = dbuser
2022-02-13 10:24:13,040 [Thread-5] DEBUG com.foodmenuauthsvr.model.services.userservice.UserSvcImpl - Database Password = password
2022-02-13 10:24:13,041 [Thread-5] TRACE com.foodmenuauthsvr.model.services.userservice.UserSvcImpl - Successfully read database connection properties from properties files
2022-02-13 10:24:13,041 [Thread-5] TRACE com.foodmenuauthsvr.model.business.managers.UserManager - retrieveUserSessionKey -- Retrieving SessionKey
2022-02-13 10:24:13,041 [Thread-5] TRACE com.foodmenuauthsvr.model.services.userservice.UserSvcImpl - retrieveUserSessionKey Called
2022-02-13 10:24:13,041 [Thread-5] DEBUG com.foodmenuauthsvr.model.services.userservice.UserSvcImpl - retrieveUserSessionKey -- SQL Statements:
2022-02-13 10:24:13,041 [Thread-5] DEBUG com.foodmenuauthsvr.model.services.userservice.UserSvcImpl - SELECT sessionkey FROM sessions INNER JOIN users ON users.userid = sessions.userid WHERE email = "zstanfill@regis.edu";
2022-02-13 10:24:13,055 [Thread-5] TRACE com.foodmenuauthsvr.model.services.userservice.UserSvcImpl - Database Connection Opened
2022-02-13 10:24:13,056 [Thread-5] TRACE com.foodmenuauthsvr.model.services.userservice.UserSvcImpl - Database Connection Closed
2022-02-13 10:24:13,056 [Thread-5] INFO  com.foodmenuauthsvr.model.services.userservice.UserSvcImpl - User SessionKey zstanfill@regis.edu successfully retrieved from database
2022-02-13 10:24:14,640 [main] TRACE com.foodmenuauthsvr.model.business.managers.UserManager - UserManager Default Constructor Called
2022-02-13 10:24:14,642 [Thread-6] TRACE com.foodmenuauthsvr.model.business.managers.UserManager - retrieveUserSessionKey Called
2022-02-13 10:24:14,644 [Thread-6] TRACE com.foodmenuauthsvr.model.services.userservice.UserSvcImpl - UserSvcImpl Default Constructor Called
2022-02-13 10:24:14,646 [Thread-6] DEBUG com.foodmenuauthsvr.model.services.userservice.UserSvcImpl - Database Connection String = jdbc:mysql://localhost/foodmenu
2022-02-13 10:24:14,646 [Thread-6] DEBUG com.foodmenuauthsvr.model.services.userservice.UserSvcImpl - Database Username = dbuser
2022-02-13 10:24:14,646 [Thread-6] DEBUG com.foodmenuauthsvr.model.services.userservice.UserSvcImpl - Database Password = password
2022-02-13 10:24:14,646 [Thread-6] TRACE com.foodmenuauthsvr.model.services.userservice.UserSvcImpl - Successfully read database connection properties from properties files
2022-02-13 10:24:14,646 [Thread-6] TRACE com.foodmenuauthsvr.model.business.managers.UserManager - retrieveUserSessionKey -- Retrieving SessionKey
2022-02-13 10:24:14,647 [Thread-6] TRACE com.foodmenuauthsvr.model.services.userservice.UserSvcImpl - retrieveUserSessionKey Called
2022-02-13 10:24:14,647 [Thread-6] DEBUG com.foodmenuauthsvr.model.services.userservice.UserSvcImpl - retrieveUserSessionKey -- SQL Statements:
2022-02-13 10:24:14,647 [Thread-6] DEBUG com.foodmenuauthsvr.model.services.userservice.UserSvcImpl - SELECT sessionkey FROM sessions INNER JOIN users ON users.userid = sessions.userid WHERE email = "zstanfill@regis.edu";
2022-02-13 10:24:14,658 [Thread-6] TRACE com.foodmenuauthsvr.model.services.userservice.UserSvcImpl - Database Connection Opened
2022-02-13 10:24:14,659 [Thread-6] TRACE com.foodmenuauthsvr.model.services.userservice.UserSvcImpl - Database Connection Closed
2022-02-13 10:24:14,660 [Thread-6] INFO  com.foodmenuauthsvr.model.services.userservice.UserSvcImpl - User SessionKey zstanfill@regis.edu successfully retrieved from database
2022-02-13 10:24:14,660 [Thread-6] TRACE com.foodmenuauthsvr.model.services.authenticationservices.UserServer - SessionKey Valid for zstanfill@regis.edu

2022-02-13 10:24:14,660 [Thread-6] TRACE com.foodmenuauthsvr.model.business.managers.UserManager - retrieveUser Called
2022-02-13 10:24:14,662 [Thread-6] TRACE com.foodmenuauthsvr.model.services.userservice.UserSvcImpl - UserSvcImpl Default Constructor Called
2022-02-13 10:24:14,663 [Thread-6] DEBUG com.foodmenuauthsvr.model.services.userservice.UserSvcImpl - Database Connection String = jdbc:mysql://localhost/foodmenu
2022-02-13 10:24:14,663 [Thread-6] DEBUG com.foodmenuauthsvr.model.services.userservice.UserSvcImpl - Database Username = dbuser
2022-02-13 10:24:14,664 [Thread-6] DEBUG com.foodmenuauthsvr.model.services.userservice.UserSvcImpl - Database Password = password
2022-02-13 10:24:14,664 [Thread-6] TRACE com.foodmenuauthsvr.model.services.userservice.UserSvcImpl - Successfully read database connection properties from properties files
2022-02-13 10:24:14,664 [Thread-6] TRACE com.foodmenuauthsvr.model.services.userservice.UserSvcImpl - retrieveUserData Called
2022-02-13 10:24:14,664 [Thread-6] DEBUG com.foodmenuauthsvr.model.services.userservice.UserSvcImpl - retrieveUserData -- SQL Statements:
2022-02-13 10:24:14,665 [Thread-6] DEBUG com.foodmenuauthsvr.model.services.userservice.UserSvcImpl - SELECT userid, firstname, lastname, email, recoveryphrase, age, rolename, infotext FROM ((users INNER JOIN info ON users.infoid = info.infoid) INNER JOIN roles ON users.role = roles.roleid) WHERE email = "zstanfill@regis.edu";
2022-02-13 10:24:14,676 [Thread-6] TRACE com.foodmenuauthsvr.model.services.userservice.UserSvcImpl - Database Connection Opened
2022-02-13 10:24:14,677 [Thread-6] TRACE com.foodmenuauthsvr.model.services.userservice.UserSvcImpl - Database Connection Closed
2022-02-13 10:24:14,677 [Thread-6] TRACE com.foodmenu.model.domain.User - User Overloaded Constructor (with Password) Called
2022-02-13 10:24:14,678 [Thread-6] DEBUG com.foodmenu.model.domain.User - User Object Instantiated -- FirstName:zach   LastName:stanfill   Email:zstanfill@regis.edu   RecoveryPhrase:ghostbuster   Age:29   Role:admin
2022-02-13 10:24:14,678 [Thread-6] TRACE com.foodmenu.model.domain.User - getEmailAddress Method Called
2022-02-13 10:24:14,678 [Thread-6] INFO  com.foodmenuauthsvr.model.services.userservice.UserSvcImpl - User zstanfill@regis.edu successfully retrieved from database
2022-02-13 10:24:42,427 [main] TRACE com.foodmenuauthsvr.model.business.managers.UserManager - UserManager Default Constructor Called
2022-02-13 10:24:42,428 [Thread-7] TRACE com.foodmenuauthsvr.model.business.managers.UserManager - closeUserSession Called
2022-02-13 10:24:42,433 [Thread-7] TRACE com.foodmenuauthsvr.model.services.userservice.UserSvcImpl - UserSvcImpl Default Constructor Called
2022-02-13 10:24:42,435 [Thread-7] DEBUG com.foodmenuauthsvr.model.services.userservice.UserSvcImpl - Database Connection String = jdbc:mysql://localhost/foodmenu
2022-02-13 10:24:42,436 [Thread-7] DEBUG com.foodmenuauthsvr.model.services.userservice.UserSvcImpl - Database Username = dbuser
2022-02-13 10:24:42,436 [Thread-7] DEBUG com.foodmenuauthsvr.model.services.userservice.UserSvcImpl - Database Password = password
2022-02-13 10:24:42,436 [Thread-7] TRACE com.foodmenuauthsvr.model.services.userservice.UserSvcImpl - Successfully read database connection properties from properties files
2022-02-13 10:24:42,437 [Thread-7] TRACE com.foodmenuauthsvr.model.business.managers.UserManager - closeUserSession -- Closing Session
2022-02-13 10:24:42,437 [Thread-7] TRACE com.foodmenuauthsvr.model.services.userservice.UserSvcImpl - retrieveUserSessionKey Called
2022-02-13 10:24:42,438 [Thread-7] DEBUG com.foodmenuauthsvr.model.services.userservice.UserSvcImpl - closeUserSession -- SQL Statements:
2022-02-13 10:24:42,438 [Thread-7] DEBUG com.foodmenuauthsvr.model.services.userservice.UserSvcImpl - DELETE FROM sessions WHERE userid = (SELECT userid FROM users WHERE email = "zstanfill@regis.edu");
2022-02-13 10:24:42,438 [Thread-7] DEBUG com.foodmenuauthsvr.model.services.userservice.UserSvcImpl - SELECT sessionid FROM sessions INNER JOIN users ON users.userid = sessions.userid WHERE email = "zstanfill@regis.edu";
2022-02-13 10:24:42,452 [Thread-7] TRACE com.foodmenuauthsvr.model.services.userservice.UserSvcImpl - Database Connection Opened
2022-02-13 10:24:42,458 [Thread-7] TRACE com.foodmenuauthsvr.model.services.userservice.UserSvcImpl - SQL Statements Commited
2022-02-13 10:24:42,459 [Thread-7] TRACE com.foodmenuauthsvr.model.services.userservice.UserSvcImpl - User Session Delete Verified
2022-02-13 10:24:42,460 [Thread-7] TRACE com.foodmenuauthsvr.model.services.userservice.UserSvcImpl - Database Connection Closed
2022-02-13 10:24:42,460 [Thread-7] TRACE com.foodmenuauthsvr.model.business.managers.UserManager - closeUserSession -- User Session Closed
2022-02-13 13:22:31,176 [main] INFO  com.foodmenuauthsvr.model.services.authenticationservices.UserServer - Loaded Log4J Properties from config\log4j2.properties
2022-02-13 13:22:31,180 [main] INFO  com.foodmenuauthsvr.model.services.authenticationservices.UserServer - Starting Application
2022-02-13 13:26:34,053 [main] INFO  com.foodmenuauthsvr.model.services.authenticationservices.UserServer - Loaded Log4J Properties from config\log4j2.properties
2022-02-13 13:26:34,058 [main] INFO  com.foodmenuauthsvr.model.services.authenticationservices.UserServer - Starting Application
2022-02-13 13:27:42,724 [main] TRACE com.foodmenuauthsvr.model.business.managers.UserManager - UserManager Default Constructor Called
2022-02-13 13:27:42,766 [Thread-0] TRACE com.foodmenu.model.domain.User - setRole Method Called
2022-02-13 13:27:42,767 [Thread-0] TRACE com.foodmenuauthsvr.model.business.managers.UserManager - addNewUser Called
2022-02-13 13:27:42,767 [Thread-0] TRACE com.foodmenu.model.domain.User - getPassword Method Called
2022-02-13 13:27:42,793 [Thread-0] TRACE com.foodmenuauthsvr.model.services.userservice.UserSvcImpl - UserSvcImpl Default Constructor Called
2022-02-13 13:27:42,794 [Thread-0] DEBUG com.foodmenuauthsvr.model.services.userservice.UserSvcImpl - Database Connection String = jdbc:mysql://localhost/foodmenu
2022-02-13 13:27:42,794 [Thread-0] DEBUG com.foodmenuauthsvr.model.services.userservice.UserSvcImpl - Database Username = dbuser
2022-02-13 13:27:42,794 [Thread-0] DEBUG com.foodmenuauthsvr.model.services.userservice.UserSvcImpl - Database Password = password
2022-02-13 13:27:42,794 [Thread-0] TRACE com.foodmenuauthsvr.model.services.userservice.UserSvcImpl - Successfully read database connection properties from properties files
2022-02-13 13:27:42,795 [Thread-0] TRACE com.foodmenuauthsvr.model.business.managers.UserManager - AddNewUser -- Checking Validity of Password
2022-02-13 13:27:42,795 [Thread-0] TRACE com.foodmenu.model.domain.User - getEmailAddress Method Called
2022-02-13 13:27:42,795 [Thread-0] INFO  com.foodmenuauthsvr.model.business.managers.UserManager - AddNewUser -- Validating User zach.stanfill4627@gmail.com password
2022-02-13 13:27:42,795 [Thread-0] TRACE com.foodmenuauthsvr.model.business.managers.UserManager - isValidPassword Called
2022-02-13 13:27:42,796 [Thread-0] TRACE com.foodmenuauthsvr.model.business.managers.UserManager - readProperties Called
2022-02-13 13:27:42,797 [Thread-0] TRACE com.foodmenuauthsvr.model.business.managers.UserManager - readProperties -- Properties read successfully
2022-02-13 13:27:42,798 [Thread-0] INFO  com.foodmenuauthsvr.model.business.managers.UserManager - Password Policy set from properties file: MinLength:1   MaxLength:30   charClasses:4   minCharClass:0
2022-02-13 13:27:42,798 [Thread-0] TRACE com.foodmenuauthsvr.model.business.managers.UserManager - AddNewUser -- Password Validated
2022-02-13 13:27:42,798 [Thread-0] TRACE com.foodmenuauthsvr.model.business.managers.UserManager - AddNewUser -- Continuing New User Password Set
2022-02-13 13:27:42,798 [Thread-0] TRACE com.foodmenuauthsvr.model.business.managers.UserManager - generateSaltKey Called
2022-02-13 13:27:42,800 [Thread-0] TRACE com.foodmenuauthsvr.model.business.managers.UserManager - hashPassword Called
2022-02-13 13:27:42,883 [Thread-0] TRACE com.foodmenu.model.domain.User - setPassword Method Called
2022-02-13 13:27:42,883 [Thread-0] TRACE com.foodmenuauthsvr.model.business.managers.UserManager - AddNewUser -- Password Successfully Set for User Object
2022-02-13 13:27:42,883 [Thread-0] TRACE com.foodmenuauthsvr.model.business.managers.UserManager - AddNewUser -- Creating New User in Authentication Database
2022-02-13 13:27:42,884 [Thread-0] TRACE com.foodmenuauthsvr.model.services.userservice.UserSvcImpl - createUserData Called
2022-02-13 13:27:42,884 [Thread-0] TRACE com.foodmenu.model.domain.User - getFirstName Method Called
2022-02-13 13:27:42,884 [Thread-0] TRACE com.foodmenu.model.domain.User - getLastName Method Called
2022-02-13 13:27:42,884 [Thread-0] TRACE com.foodmenu.model.domain.User - getEmailAddress Method Called
2022-02-13 13:27:42,885 [Thread-0] TRACE com.foodmenu.model.domain.User - getRecoveryPhrase Method Called
2022-02-13 13:27:42,885 [Thread-0] TRACE com.foodmenu.model.domain.User - getAge Method Called
2022-02-13 13:27:42,885 [Thread-0] TRACE com.foodmenu.model.domain.User - getRole Method Called
2022-02-13 13:27:42,885 [Thread-0] TRACE com.foodmenu.model.domain.User - getPassword Method Called
2022-02-13 13:27:42,886 [Thread-0] DEBUG com.foodmenuauthsvr.model.services.userservice.UserSvcImpl - createUserData -- SQL Statements:
2022-02-13 13:27:42,886 [Thread-0] DEBUG com.foodmenuauthsvr.model.services.userservice.UserSvcImpl - INSERT INTO info (infotext) VALUES ("9d30578abbc688820b3f62f13191df01c00c3623a9f16c588d96f67bd40ebe875c03053abc9638028b2dc1c4ba6d9376dcb1e10a58f0a0d76c365a26a0558613");
2022-02-13 13:27:42,886 [Thread-0] DEBUG com.foodmenuauthsvr.model.services.userservice.UserSvcImpl - INSERT INTO salt (salttext) VALUES ("25JmSP6lERaUdCwbvcSflXcQgcnFuwpa");
2022-02-13 13:27:42,886 [Thread-0] DEBUG com.foodmenuauthsvr.model.services.userservice.UserSvcImpl - INSERT INTO users (firstname, lastname, email, recoveryphrase, age, role, infoid, saltid) VALUES ("zachary", "stanfill","zach.stanfill4627@gmail.com", "software engineer", 29, (SELECT roleid FROM roles WHERE rolename = "user"), (SELECT MAX(infoid) FROM info LIMIT 1), (SELECT MAX(saltid) FROM salt LIMIT 1));
2022-02-13 13:27:42,887 [Thread-0] DEBUG com.foodmenuauthsvr.model.services.userservice.UserSvcImpl - SELECT userid, firstname, lastname, email, recoveryphrase, age, rolename, infotext, salttext FROM users INNER JOIN info ON users.infoid = info.infoid INNER JOIN salt ON users.saltid = salt.saltid INNER JOIN roles ON users.role = roles.roleid WHERE email = "zach.stanfill4627@gmail.com";
2022-02-13 13:27:43,275 [Thread-0] TRACE com.foodmenuauthsvr.model.services.userservice.UserSvcImpl - Database Connection Opened
2022-02-13 13:27:43,275 [Thread-0] TRACE com.foodmenu.model.domain.User - getEmailAddress Method Called
2022-02-13 13:27:43,275 [Thread-0] INFO  com.foodmenuauthsvr.model.services.userservice.UserSvcImpl - createUserData -- Added user zach.stanfill4627@gmail.com to database
2022-02-13 13:27:43,302 [Thread-0] TRACE com.foodmenuauthsvr.model.services.userservice.UserSvcImpl - SQL Statements Executed
2022-02-13 13:27:43,304 [Thread-0] TRACE com.foodmenuauthsvr.model.services.userservice.UserSvcImpl - SQL Statements Commited
2022-02-13 13:27:43,307 [Thread-0] INFO  com.foodmenuauthsvr.model.services.userservice.UserSvcImpl - createUserData -- Begin Verifying User was added correctly
2022-02-13 13:27:43,307 [Thread-0] INFO  com.foodmenuauthsvr.model.services.userservice.UserSvcImpl - createUserData -- Successfully Verified User was added correctlly
2022-02-13 13:27:43,309 [Thread-0] TRACE com.foodmenuauthsvr.model.services.userservice.UserSvcImpl - Database Connection Closed
2022-02-13 13:27:43,309 [Thread-0] TRACE com.foodmenu.model.domain.User - getEmailAddress Method Called
2022-02-13 13:27:43,309 [Thread-0] INFO  com.foodmenuauthsvr.model.services.userservice.UserSvcImpl - User zach.stanfill4627@gmail.com successfully added to the database
2022-02-13 13:27:43,310 [Thread-0] TRACE com.foodmenu.model.domain.User - getEmailAddress Method Called
2022-02-13 13:27:43,310 [Thread-0] INFO  com.foodmenuauthsvr.model.business.managers.UserManager - AddNewUser -- New User zach.stanfill4627@gmail.com added to Authentication Database
2022-02-13 13:28:02,678 [main] TRACE com.foodmenuauthsvr.model.business.managers.UserManager - UserManager Default Constructor Called
2022-02-13 13:28:02,679 [Thread-1] TRACE com.foodmenuauthsvr.model.business.managers.UserManager - authenticateUser Called
2022-02-13 13:28:02,683 [Thread-1] TRACE com.foodmenuauthsvr.model.services.userservice.UserSvcImpl - UserSvcImpl Default Constructor Called
2022-02-13 13:28:02,685 [Thread-1] DEBUG com.foodmenuauthsvr.model.services.userservice.UserSvcImpl - Database Connection String = jdbc:mysql://localhost/foodmenu
2022-02-13 13:28:02,685 [Thread-1] DEBUG com.foodmenuauthsvr.model.services.userservice.UserSvcImpl - Database Username = dbuser
2022-02-13 13:28:02,685 [Thread-1] DEBUG com.foodmenuauthsvr.model.services.userservice.UserSvcImpl - Database Password = password
2022-02-13 13:28:02,686 [Thread-1] TRACE com.foodmenuauthsvr.model.services.userservice.UserSvcImpl - Successfully read database connection properties from properties files
2022-02-13 13:28:02,686 [Thread-1] TRACE com.foodmenuauthsvr.model.business.managers.UserManager - authenticateUser -- Retrieveing Salt Key
2022-02-13 13:28:02,686 [Thread-1] TRACE com.foodmenuauthsvr.model.services.userservice.UserSvcImpl - retrieveUserSaltData Called
2022-02-13 13:28:02,686 [Thread-1] DEBUG com.foodmenuauthsvr.model.services.userservice.UserSvcImpl - retrieveUserSaltData -- SQL Statements:
2022-02-13 13:28:02,687 [Thread-1] DEBUG com.foodmenuauthsvr.model.services.userservice.UserSvcImpl - SELECT salttext FROM users INNER JOIN salt ON users.saltid = salt.saltid WHERE email = "zach.stanfill4627@gmail.com";
2022-02-13 13:28:02,705 [Thread-1] TRACE com.foodmenuauthsvr.model.services.userservice.UserSvcImpl - Database Connection Opened
2022-02-13 13:28:02,712 [Thread-1] TRACE com.foodmenuauthsvr.model.services.userservice.UserSvcImpl - Database Connection Closed
2022-02-13 13:28:02,713 [Thread-1] INFO  com.foodmenuauthsvr.model.services.userservice.UserSvcImpl - User SaltData zach.stanfill4627@gmail.com successfully retrieved from database
2022-02-13 13:28:02,713 [Thread-1] TRACE com.foodmenuauthsvr.model.business.managers.UserManager - authenticateUser -- Hashing Password with SaltKey
2022-02-13 13:28:02,713 [Thread-1] TRACE com.foodmenuauthsvr.model.business.managers.UserManager - hashPassword Called
2022-02-13 13:28:02,729 [Thread-1] DEBUG com.foodmenuauthsvr.model.business.managers.UserManager - authenticateUser -- hashed password successfully
2022-02-13 13:28:02,729 [Thread-1] TRACE com.foodmenuauthsvr.model.services.userservice.UserSvcImpl - authenticateUserData Called
2022-02-13 13:28:02,730 [Thread-1] DEBUG com.foodmenuauthsvr.model.services.userservice.UserSvcImpl - authenticateUserData -- SQL Statements:
2022-02-13 13:28:02,730 [Thread-1] DEBUG com.foodmenuauthsvr.model.services.userservice.UserSvcImpl - SELECT infotext FROM users INNER JOIN info ON users.infoid = info.infoid WHERE email = "zach.stanfill4627@gmail.com";
2022-02-13 13:28:02,748 [Thread-1] TRACE com.foodmenuauthsvr.model.services.userservice.UserSvcImpl - Database Connection Opened
2022-02-13 13:28:02,754 [Thread-1] DEBUG com.foodmenuauthsvr.model.services.userservice.UserSvcImpl - authenticateUserData -- SQL Session Inject Statements:
2022-02-13 13:28:02,754 [Thread-1] DEBUG com.foodmenuauthsvr.model.services.userservice.UserSvcImpl - INSERT INTO sessions (userid, sessionkey) VALUES ((SELECT userid FROM users WHERE email = "zach.stanfill4627@gmail.com"), "AXUMXNPhWcxkn1WtL30X56pwY36dqWvCwteWnAkg2nyWp3yZX42a0kfSEsh5V1wa836dl66Z6pjpJItTvWcArn0uLjMdULHtwC8FEOvJhszYxToiWpTlWUhnOJOpqZShEHyf7uKNruHBc7UUkr5Ev5KuL5eveQCoqlLluwzufxc2nauI3tLW6zp2v8wtJFTDKvpS6er4M2Nw5Yd54v0jUDXJq0q32GN72nysbbLjoFJziqGMmWfenX84O12MUeNE");
2022-02-13 13:28:02,760 [Thread-1] TRACE com.foodmenuauthsvr.model.services.userservice.UserSvcImpl - Database Connection Closed
2022-02-13 13:28:02,761 [Thread-1] TRACE com.foodmenuauthsvr.model.services.userservice.UserSvcImpl - User zach.stanfill4627@gmail.com Successfully Authenticated
2022-02-13 13:28:02,761 [Thread-1] INFO  com.foodmenuauthsvr.model.business.managers.UserManager - authenticateUser -- Authentication Succeded
2022-02-13 13:28:02,761 [Thread-1] TRACE com.foodmenuauthsvr.model.business.managers.UserManager - retrieveUserSessionKey Called
2022-02-13 13:28:02,763 [Thread-1] TRACE com.foodmenuauthsvr.model.services.userservice.UserSvcImpl - UserSvcImpl Default Constructor Called
2022-02-13 13:28:02,764 [Thread-1] DEBUG com.foodmenuauthsvr.model.services.userservice.UserSvcImpl - Database Connection String = jdbc:mysql://localhost/foodmenu
2022-02-13 13:28:02,764 [Thread-1] DEBUG com.foodmenuauthsvr.model.services.userservice.UserSvcImpl - Database Username = dbuser
2022-02-13 13:28:02,764 [Thread-1] DEBUG com.foodmenuauthsvr.model.services.userservice.UserSvcImpl - Database Password = password
2022-02-13 13:28:02,765 [Thread-1] TRACE com.foodmenuauthsvr.model.services.userservice.UserSvcImpl - Successfully read database connection properties from properties files
2022-02-13 13:28:02,765 [Thread-1] TRACE com.foodmenuauthsvr.model.business.managers.UserManager - retrieveUserSessionKey -- Retrieving SessionKey
2022-02-13 13:28:02,765 [Thread-1] TRACE com.foodmenuauthsvr.model.services.userservice.UserSvcImpl - retrieveUserSessionKey Called
2022-02-13 13:28:02,766 [Thread-1] DEBUG com.foodmenuauthsvr.model.services.userservice.UserSvcImpl - retrieveUserSessionKey -- SQL Statements:
2022-02-13 13:28:02,766 [Thread-1] DEBUG com.foodmenuauthsvr.model.services.userservice.UserSvcImpl - SELECT sessionkey FROM sessions INNER JOIN users ON users.userid = sessions.userid WHERE email = "zach.stanfill4627@gmail.com";
2022-02-13 13:28:02,780 [Thread-1] TRACE com.foodmenuauthsvr.model.services.userservice.UserSvcImpl - Database Connection Opened
2022-02-13 13:28:02,782 [Thread-1] TRACE com.foodmenuauthsvr.model.services.userservice.UserSvcImpl - Database Connection Closed
2022-02-13 13:28:02,782 [Thread-1] INFO  com.foodmenuauthsvr.model.services.userservice.UserSvcImpl - User SessionKey zach.stanfill4627@gmail.com successfully retrieved from database
2022-02-13 13:28:04,758 [main] TRACE com.foodmenuauthsvr.model.business.managers.UserManager - UserManager Default Constructor Called
2022-02-13 13:28:04,760 [Thread-2] TRACE com.foodmenuauthsvr.model.business.managers.UserManager - retrieveUserSessionKey Called
2022-02-13 13:28:04,762 [Thread-2] TRACE com.foodmenuauthsvr.model.services.userservice.UserSvcImpl - UserSvcImpl Default Constructor Called
2022-02-13 13:28:04,764 [Thread-2] DEBUG com.foodmenuauthsvr.model.services.userservice.UserSvcImpl - Database Connection String = jdbc:mysql://localhost/foodmenu
2022-02-13 13:28:04,764 [Thread-2] DEBUG com.foodmenuauthsvr.model.services.userservice.UserSvcImpl - Database Username = dbuser
2022-02-13 13:28:04,764 [Thread-2] DEBUG com.foodmenuauthsvr.model.services.userservice.UserSvcImpl - Database Password = password
2022-02-13 13:28:04,764 [Thread-2] TRACE com.foodmenuauthsvr.model.services.userservice.UserSvcImpl - Successfully read database connection properties from properties files
2022-02-13 13:28:04,765 [Thread-2] TRACE com.foodmenuauthsvr.model.business.managers.UserManager - retrieveUserSessionKey -- Retrieving SessionKey
2022-02-13 13:28:04,765 [Thread-2] TRACE com.foodmenuauthsvr.model.services.userservice.UserSvcImpl - retrieveUserSessionKey Called
2022-02-13 13:28:04,765 [Thread-2] DEBUG com.foodmenuauthsvr.model.services.userservice.UserSvcImpl - retrieveUserSessionKey -- SQL Statements:
2022-02-13 13:28:04,765 [Thread-2] DEBUG com.foodmenuauthsvr.model.services.userservice.UserSvcImpl - SELECT sessionkey FROM sessions INNER JOIN users ON users.userid = sessions.userid WHERE email = "zach.stanfill4627@gmail.com";
2022-02-13 13:28:04,780 [Thread-2] TRACE com.foodmenuauthsvr.model.services.userservice.UserSvcImpl - Database Connection Opened
2022-02-13 13:28:04,781 [Thread-2] TRACE com.foodmenuauthsvr.model.services.userservice.UserSvcImpl - Database Connection Closed
2022-02-13 13:28:04,782 [Thread-2] INFO  com.foodmenuauthsvr.model.services.userservice.UserSvcImpl - User SessionKey zach.stanfill4627@gmail.com successfully retrieved from database
2022-02-13 13:28:04,782 [Thread-2] TRACE com.foodmenuauthsvr.model.services.authenticationservices.UserServer - SessionKey Valid for zach.stanfill4627@gmail.com

2022-02-13 13:28:04,782 [Thread-2] TRACE com.foodmenuauthsvr.model.business.managers.UserManager - retrieveUser Called
2022-02-13 13:28:04,784 [Thread-2] TRACE com.foodmenuauthsvr.model.services.userservice.UserSvcImpl - UserSvcImpl Default Constructor Called
2022-02-13 13:28:04,785 [Thread-2] DEBUG com.foodmenuauthsvr.model.services.userservice.UserSvcImpl - Database Connection String = jdbc:mysql://localhost/foodmenu
2022-02-13 13:28:04,786 [Thread-2] DEBUG com.foodmenuauthsvr.model.services.userservice.UserSvcImpl - Database Username = dbuser
2022-02-13 13:28:04,786 [Thread-2] DEBUG com.foodmenuauthsvr.model.services.userservice.UserSvcImpl - Database Password = password
2022-02-13 13:28:04,786 [Thread-2] TRACE com.foodmenuauthsvr.model.services.userservice.UserSvcImpl - Successfully read database connection properties from properties files
2022-02-13 13:28:04,787 [Thread-2] TRACE com.foodmenuauthsvr.model.services.userservice.UserSvcImpl - retrieveUserData Called
2022-02-13 13:28:04,787 [Thread-2] DEBUG com.foodmenuauthsvr.model.services.userservice.UserSvcImpl - retrieveUserData -- SQL Statements:
2022-02-13 13:28:04,787 [Thread-2] DEBUG com.foodmenuauthsvr.model.services.userservice.UserSvcImpl - SELECT userid, firstname, lastname, email, recoveryphrase, age, rolename, infotext FROM ((users INNER JOIN info ON users.infoid = info.infoid) INNER JOIN roles ON users.role = roles.roleid) WHERE email = "zach.stanfill4627@gmail.com";
2022-02-13 13:28:04,803 [Thread-2] TRACE com.foodmenuauthsvr.model.services.userservice.UserSvcImpl - Database Connection Opened
2022-02-13 13:28:04,811 [Thread-2] TRACE com.foodmenuauthsvr.model.services.userservice.UserSvcImpl - Database Connection Closed
2022-02-13 13:28:04,811 [Thread-2] TRACE com.foodmenu.model.domain.User - User Overloaded Constructor (with Password) Called
2022-02-13 13:28:04,812 [Thread-2] DEBUG com.foodmenu.model.domain.User - User Object Instantiated -- FirstName:zachary   LastName:stanfill   Email:zach.stanfill4627@gmail.com   RecoveryPhrase:software engineer   Age:29   Role:user
2022-02-13 13:28:04,812 [Thread-2] TRACE com.foodmenu.model.domain.User - getEmailAddress Method Called
2022-02-13 13:28:04,812 [Thread-2] INFO  com.foodmenuauthsvr.model.services.userservice.UserSvcImpl - User zach.stanfill4627@gmail.com successfully retrieved from database
2022-02-13 13:28:16,908 [main] TRACE com.foodmenuauthsvr.model.business.managers.UserManager - UserManager Default Constructor Called
2022-02-13 13:28:16,909 [Thread-3] TRACE com.foodmenuauthsvr.model.business.managers.UserManager - closeUserSession Called
2022-02-13 13:28:16,911 [Thread-3] TRACE com.foodmenuauthsvr.model.services.userservice.UserSvcImpl - UserSvcImpl Default Constructor Called
2022-02-13 13:28:16,912 [Thread-3] DEBUG com.foodmenuauthsvr.model.services.userservice.UserSvcImpl - Database Connection String = jdbc:mysql://localhost/foodmenu
2022-02-13 13:28:16,913 [Thread-3] DEBUG com.foodmenuauthsvr.model.services.userservice.UserSvcImpl - Database Username = dbuser
2022-02-13 13:28:16,913 [Thread-3] DEBUG com.foodmenuauthsvr.model.services.userservice.UserSvcImpl - Database Password = password
2022-02-13 13:28:16,913 [Thread-3] TRACE com.foodmenuauthsvr.model.services.userservice.UserSvcImpl - Successfully read database connection properties from properties files
2022-02-13 13:28:16,913 [Thread-3] TRACE com.foodmenuauthsvr.model.business.managers.UserManager - closeUserSession -- Closing Session
2022-02-13 13:28:16,914 [Thread-3] TRACE com.foodmenuauthsvr.model.services.userservice.UserSvcImpl - retrieveUserSessionKey Called
2022-02-13 13:28:16,914 [Thread-3] DEBUG com.foodmenuauthsvr.model.services.userservice.UserSvcImpl - closeUserSession -- SQL Statements:
2022-02-13 13:28:16,914 [Thread-3] DEBUG com.foodmenuauthsvr.model.services.userservice.UserSvcImpl - DELETE FROM sessions WHERE userid = (SELECT userid FROM users WHERE email = "zach.stanfill4627@gmail.com");
2022-02-13 13:28:16,914 [Thread-3] DEBUG com.foodmenuauthsvr.model.services.userservice.UserSvcImpl - SELECT sessionid FROM sessions INNER JOIN users ON users.userid = sessions.userid WHERE email = "zach.stanfill4627@gmail.com";
2022-02-13 13:28:16,930 [Thread-3] TRACE com.foodmenuauthsvr.model.services.userservice.UserSvcImpl - Database Connection Opened
2022-02-13 13:28:16,935 [Thread-3] TRACE com.foodmenuauthsvr.model.services.userservice.UserSvcImpl - SQL Statements Commited
2022-02-13 13:28:16,936 [Thread-3] TRACE com.foodmenuauthsvr.model.services.userservice.UserSvcImpl - User Session Delete Verified
2022-02-13 13:28:16,937 [Thread-3] TRACE com.foodmenuauthsvr.model.services.userservice.UserSvcImpl - Database Connection Closed
2022-02-13 13:28:16,938 [Thread-3] TRACE com.foodmenuauthsvr.model.business.managers.UserManager - closeUserSession -- User Session Closed
2022-02-13 13:29:21,656 [main] TRACE com.foodmenuauthsvr.model.business.managers.UserManager - UserManager Default Constructor Called
2022-02-13 13:29:21,686 [Thread-4] TRACE com.foodmenuauthsvr.model.business.managers.UserManager - authenticateUser Called
2022-02-13 13:29:21,689 [Thread-4] TRACE com.foodmenuauthsvr.model.services.userservice.UserSvcImpl - UserSvcImpl Default Constructor Called
2022-02-13 13:29:21,691 [Thread-4] DEBUG com.foodmenuauthsvr.model.services.userservice.UserSvcImpl - Database Connection String = jdbc:mysql://localhost/foodmenu
2022-02-13 13:29:21,691 [Thread-4] DEBUG com.foodmenuauthsvr.model.services.userservice.UserSvcImpl - Database Username = dbuser
2022-02-13 13:29:21,691 [Thread-4] DEBUG com.foodmenuauthsvr.model.services.userservice.UserSvcImpl - Database Password = password
2022-02-13 13:29:21,691 [Thread-4] TRACE com.foodmenuauthsvr.model.services.userservice.UserSvcImpl - Successfully read database connection properties from properties files
2022-02-13 13:29:21,692 [Thread-4] TRACE com.foodmenuauthsvr.model.business.managers.UserManager - authenticateUser -- Retrieveing Salt Key
2022-02-13 13:29:21,692 [Thread-4] TRACE com.foodmenuauthsvr.model.services.userservice.UserSvcImpl - retrieveUserSaltData Called
2022-02-13 13:29:21,692 [Thread-4] DEBUG com.foodmenuauthsvr.model.services.userservice.UserSvcImpl - retrieveUserSaltData -- SQL Statements:
2022-02-13 13:29:21,692 [Thread-4] DEBUG com.foodmenuauthsvr.model.services.userservice.UserSvcImpl - SELECT salttext FROM users INNER JOIN salt ON users.saltid = salt.saltid WHERE email = "zstanfill@regis.edu";
2022-02-13 13:29:21,706 [Thread-4] TRACE com.foodmenuauthsvr.model.services.userservice.UserSvcImpl - Database Connection Opened
2022-02-13 13:29:21,708 [Thread-4] TRACE com.foodmenuauthsvr.model.services.userservice.UserSvcImpl - Database Connection Closed
2022-02-13 13:29:21,708 [Thread-4] INFO  com.foodmenuauthsvr.model.services.userservice.UserSvcImpl - User SaltData zstanfill@regis.edu successfully retrieved from database
2022-02-13 13:29:21,709 [Thread-4] TRACE com.foodmenuauthsvr.model.business.managers.UserManager - authenticateUser -- Hashing Password with SaltKey
2022-02-13 13:29:21,709 [Thread-4] TRACE com.foodmenuauthsvr.model.business.managers.UserManager - hashPassword Called
2022-02-13 13:29:21,722 [Thread-4] DEBUG com.foodmenuauthsvr.model.business.managers.UserManager - authenticateUser -- hashed password successfully
2022-02-13 13:29:21,723 [Thread-4] TRACE com.foodmenuauthsvr.model.services.userservice.UserSvcImpl - authenticateUserData Called
2022-02-13 13:29:21,723 [Thread-4] DEBUG com.foodmenuauthsvr.model.services.userservice.UserSvcImpl - authenticateUserData -- SQL Statements:
2022-02-13 13:29:21,723 [Thread-4] DEBUG com.foodmenuauthsvr.model.services.userservice.UserSvcImpl - SELECT infotext FROM users INNER JOIN info ON users.infoid = info.infoid WHERE email = "zstanfill@regis.edu";
2022-02-13 13:29:21,737 [Thread-4] TRACE com.foodmenuauthsvr.model.services.userservice.UserSvcImpl - Database Connection Opened
2022-02-13 13:29:21,739 [Thread-4] DEBUG com.foodmenuauthsvr.model.services.userservice.UserSvcImpl - authenticateUserData -- SQL Session Inject Statements:
2022-02-13 13:29:21,740 [Thread-4] DEBUG com.foodmenuauthsvr.model.services.userservice.UserSvcImpl - INSERT INTO sessions (userid, sessionkey) VALUES ((SELECT userid FROM users WHERE email = "zstanfill@regis.edu"), "8HwlLMC7ePQXwe3qp2Z6yzx7pC6WhHM3C3HwiaOmowvQOoa1DTKibqR5Fh3PGstgEzSzG8qENReNj8UogKyzbbbeU3TB4spz8p3u5aBnexmw0SxPGbjnuhsMWE2y3yzcsfDbkdJoLyCOKCbOMSxQcFGOCllFSHQtb6y4nVpCJso42gKjHc37CybsssQH0AlQT586YYG836CeifK1zhrfhUe1zPfu7FZlRvUxVNK1n05EGiK7bctplDTQ4GsNwsHR");
2022-02-13 13:29:21,745 [Thread-4] TRACE com.foodmenuauthsvr.model.services.userservice.UserSvcImpl - Database Connection Closed
2022-02-13 13:29:21,745 [Thread-4] TRACE com.foodmenuauthsvr.model.services.userservice.UserSvcImpl - User zstanfill@regis.edu Successfully Authenticated
2022-02-13 13:29:21,745 [Thread-4] INFO  com.foodmenuauthsvr.model.business.managers.UserManager - authenticateUser -- Authentication Succeded
2022-02-13 13:29:21,746 [Thread-4] TRACE com.foodmenuauthsvr.model.business.managers.UserManager - retrieveUserSessionKey Called
2022-02-13 13:29:21,748 [Thread-4] TRACE com.foodmenuauthsvr.model.services.userservice.UserSvcImpl - UserSvcImpl Default Constructor Called
2022-02-13 13:29:21,749 [Thread-4] DEBUG com.foodmenuauthsvr.model.services.userservice.UserSvcImpl - Database Connection String = jdbc:mysql://localhost/foodmenu
2022-02-13 13:29:21,750 [Thread-4] DEBUG com.foodmenuauthsvr.model.services.userservice.UserSvcImpl - Database Username = dbuser
2022-02-13 13:29:21,750 [Thread-4] DEBUG com.foodmenuauthsvr.model.services.userservice.UserSvcImpl - Database Password = password
2022-02-13 13:29:21,750 [Thread-4] TRACE com.foodmenuauthsvr.model.services.userservice.UserSvcImpl - Successfully read database connection properties from properties files
2022-02-13 13:29:21,750 [Thread-4] TRACE com.foodmenuauthsvr.model.business.managers.UserManager - retrieveUserSessionKey -- Retrieving SessionKey
2022-02-13 13:29:21,751 [Thread-4] TRACE com.foodmenuauthsvr.model.services.userservice.UserSvcImpl - retrieveUserSessionKey Called
2022-02-13 13:29:21,751 [Thread-4] DEBUG com.foodmenuauthsvr.model.services.userservice.UserSvcImpl - retrieveUserSessionKey -- SQL Statements:
2022-02-13 13:29:21,751 [Thread-4] DEBUG com.foodmenuauthsvr.model.services.userservice.UserSvcImpl - SELECT sessionkey FROM sessions INNER JOIN users ON users.userid = sessions.userid WHERE email = "zstanfill@regis.edu";
2022-02-13 13:29:21,764 [Thread-4] TRACE com.foodmenuauthsvr.model.services.userservice.UserSvcImpl - Database Connection Opened
2022-02-13 13:29:21,766 [Thread-4] TRACE com.foodmenuauthsvr.model.services.userservice.UserSvcImpl - Database Connection Closed
2022-02-13 13:29:21,766 [Thread-4] INFO  com.foodmenuauthsvr.model.services.userservice.UserSvcImpl - User SessionKey zstanfill@regis.edu successfully retrieved from database
2022-02-13 13:29:25,041 [main] TRACE com.foodmenuauthsvr.model.business.managers.UserManager - UserManager Default Constructor Called
2022-02-13 13:29:25,042 [Thread-5] TRACE com.foodmenuauthsvr.model.business.managers.UserManager - retrieveUserSessionKey Called
2022-02-13 13:29:25,044 [Thread-5] TRACE com.foodmenuauthsvr.model.services.userservice.UserSvcImpl - UserSvcImpl Default Constructor Called
2022-02-13 13:29:25,046 [Thread-5] DEBUG com.foodmenuauthsvr.model.services.userservice.UserSvcImpl - Database Connection String = jdbc:mysql://localhost/foodmenu
2022-02-13 13:29:25,046 [Thread-5] DEBUG com.foodmenuauthsvr.model.services.userservice.UserSvcImpl - Database Username = dbuser
2022-02-13 13:29:25,046 [Thread-5] DEBUG com.foodmenuauthsvr.model.services.userservice.UserSvcImpl - Database Password = password
2022-02-13 13:29:25,046 [Thread-5] TRACE com.foodmenuauthsvr.model.services.userservice.UserSvcImpl - Successfully read database connection properties from properties files
2022-02-13 13:29:25,046 [Thread-5] TRACE com.foodmenuauthsvr.model.business.managers.UserManager - retrieveUserSessionKey -- Retrieving SessionKey
2022-02-13 13:29:25,047 [Thread-5] TRACE com.foodmenuauthsvr.model.services.userservice.UserSvcImpl - retrieveUserSessionKey Called
2022-02-13 13:29:25,047 [Thread-5] DEBUG com.foodmenuauthsvr.model.services.userservice.UserSvcImpl - retrieveUserSessionKey -- SQL Statements:
2022-02-13 13:29:25,047 [Thread-5] DEBUG com.foodmenuauthsvr.model.services.userservice.UserSvcImpl - SELECT sessionkey FROM sessions INNER JOIN users ON users.userid = sessions.userid WHERE email = "zstanfill@regis.edu";
2022-02-13 13:29:25,060 [Thread-5] TRACE com.foodmenuauthsvr.model.services.userservice.UserSvcImpl - Database Connection Opened
2022-02-13 13:29:25,061 [Thread-5] TRACE com.foodmenuauthsvr.model.services.userservice.UserSvcImpl - Database Connection Closed
2022-02-13 13:29:25,061 [Thread-5] INFO  com.foodmenuauthsvr.model.services.userservice.UserSvcImpl - User SessionKey zstanfill@regis.edu successfully retrieved from database
2022-02-13 13:29:25,061 [Thread-5] TRACE com.foodmenuauthsvr.model.services.authenticationservices.UserServer - SessionKey Valid for zstanfill@regis.edu

2022-02-13 13:29:25,062 [Thread-5] TRACE com.foodmenuauthsvr.model.business.managers.UserManager - retrieveUser Called
2022-02-13 13:29:25,063 [Thread-5] TRACE com.foodmenuauthsvr.model.services.userservice.UserSvcImpl - UserSvcImpl Default Constructor Called
2022-02-13 13:29:25,065 [Thread-5] DEBUG com.foodmenuauthsvr.model.services.userservice.UserSvcImpl - Database Connection String = jdbc:mysql://localhost/foodmenu
2022-02-13 13:29:25,065 [Thread-5] DEBUG com.foodmenuauthsvr.model.services.userservice.UserSvcImpl - Database Username = dbuser
2022-02-13 13:29:25,065 [Thread-5] DEBUG com.foodmenuauthsvr.model.services.userservice.UserSvcImpl - Database Password = password
2022-02-13 13:29:25,065 [Thread-5] TRACE com.foodmenuauthsvr.model.services.userservice.UserSvcImpl - Successfully read database connection properties from properties files
2022-02-13 13:29:25,066 [Thread-5] TRACE com.foodmenuauthsvr.model.services.userservice.UserSvcImpl - retrieveUserData Called
2022-02-13 13:29:25,066 [Thread-5] DEBUG com.foodmenuauthsvr.model.services.userservice.UserSvcImpl - retrieveUserData -- SQL Statements:
2022-02-13 13:29:25,066 [Thread-5] DEBUG com.foodmenuauthsvr.model.services.userservice.UserSvcImpl - SELECT userid, firstname, lastname, email, recoveryphrase, age, rolename, infotext FROM ((users INNER JOIN info ON users.infoid = info.infoid) INNER JOIN roles ON users.role = roles.roleid) WHERE email = "zstanfill@regis.edu";
2022-02-13 13:29:25,078 [Thread-5] TRACE com.foodmenuauthsvr.model.services.userservice.UserSvcImpl - Database Connection Opened
2022-02-13 13:29:25,079 [Thread-5] TRACE com.foodmenuauthsvr.model.services.userservice.UserSvcImpl - Database Connection Closed
2022-02-13 13:29:25,080 [Thread-5] TRACE com.foodmenu.model.domain.User - User Overloaded Constructor (with Password) Called
2022-02-13 13:29:25,080 [Thread-5] DEBUG com.foodmenu.model.domain.User - User Object Instantiated -- FirstName:zach   LastName:stanfill   Email:zstanfill@regis.edu   RecoveryPhrase:ghostbuster   Age:29   Role:admin
2022-02-13 13:29:25,080 [Thread-5] TRACE com.foodmenu.model.domain.User - getEmailAddress Method Called
2022-02-13 13:29:25,080 [Thread-5] INFO  com.foodmenuauthsvr.model.services.userservice.UserSvcImpl - User zstanfill@regis.edu successfully retrieved from database
2022-02-13 13:30:46,800 [main] TRACE com.foodmenuauthsvr.model.business.managers.UserManager - UserManager Default Constructor Called
2022-02-13 13:30:46,801 [Thread-6] TRACE com.foodmenuauthsvr.model.business.managers.UserManager - closeUserSession Called
2022-02-13 13:30:46,805 [Thread-6] TRACE com.foodmenuauthsvr.model.services.userservice.UserSvcImpl - UserSvcImpl Default Constructor Called
2022-02-13 13:30:46,807 [Thread-6] DEBUG com.foodmenuauthsvr.model.services.userservice.UserSvcImpl - Database Connection String = jdbc:mysql://localhost/foodmenu
2022-02-13 13:30:46,808 [Thread-6] DEBUG com.foodmenuauthsvr.model.services.userservice.UserSvcImpl - Database Username = dbuser
2022-02-13 13:30:46,808 [Thread-6] DEBUG com.foodmenuauthsvr.model.services.userservice.UserSvcImpl - Database Password = password
2022-02-13 13:30:46,809 [Thread-6] TRACE com.foodmenuauthsvr.model.services.userservice.UserSvcImpl - Successfully read database connection properties from properties files
2022-02-13 13:30:46,809 [Thread-6] TRACE com.foodmenuauthsvr.model.business.managers.UserManager - closeUserSession -- Closing Session
2022-02-13 13:30:46,810 [Thread-6] TRACE com.foodmenuauthsvr.model.services.userservice.UserSvcImpl - retrieveUserSessionKey Called
2022-02-13 13:30:46,810 [Thread-6] DEBUG com.foodmenuauthsvr.model.services.userservice.UserSvcImpl - closeUserSession -- SQL Statements:
2022-02-13 13:30:46,810 [Thread-6] DEBUG com.foodmenuauthsvr.model.services.userservice.UserSvcImpl - DELETE FROM sessions WHERE userid = (SELECT userid FROM users WHERE email = "zstanfill@regis.edu");
2022-02-13 13:30:46,810 [Thread-6] DEBUG com.foodmenuauthsvr.model.services.userservice.UserSvcImpl - SELECT sessionid FROM sessions INNER JOIN users ON users.userid = sessions.userid WHERE email = "zstanfill@regis.edu";
2022-02-13 13:30:46,828 [Thread-6] TRACE com.foodmenuauthsvr.model.services.userservice.UserSvcImpl - Database Connection Opened
2022-02-13 13:30:46,834 [Thread-6] TRACE com.foodmenuauthsvr.model.services.userservice.UserSvcImpl - SQL Statements Commited
2022-02-13 13:30:46,834 [Thread-6] TRACE com.foodmenuauthsvr.model.services.userservice.UserSvcImpl - User Session Delete Verified
2022-02-13 13:30:46,835 [Thread-6] TRACE com.foodmenuauthsvr.model.services.userservice.UserSvcImpl - Database Connection Closed
2022-02-13 13:30:46,835 [Thread-6] TRACE com.foodmenuauthsvr.model.business.managers.UserManager - closeUserSession -- User Session Closed
